<?xml version="1.0" encoding="UTF-8"?>
<testsuite xmlns:xsi="http://www.w3.org/2001/XMLSchema-instance" xsi:noNamespaceSchemaLocation="https://maven.apache.org/surefire/maven-surefire-plugin/xsd/surefire-test-report-3.0.xsd" version="3.0" name="com.meet.first.FirstApplicationTests" time="3.459" tests="1" errors="0" skipped="0" failures="0">
  <properties>
[...]
</properties>
  <testcase name="contextLoads" classname="com.meet.first.FirstApplicationTests" time="0.937">
    <system-out><![CDATA[19:16:45.788 [main] INFO org.springframework.test.context.support.AnnotationConfigContextLoaderUtils -- Could not detect default configuration classes for test class [com.meet.first.FirstApplicationTests]: FirstApplicationTests does not declare any static, non-private, non-final, nested classes annotated with @Configuration.
19:16:45.927 [main] INFO org.springframework.boot.test.context.SpringBootTestContextBootstrapper -- Found @SpringBootConfiguration com.meet.first.FirstApplication for test class com.meet.first.FirstApplicationTests
19:16:46.144 [main] INFO org.springframework.boot.devtools.restart.RestartApplicationListener -- Restart disabled due to context in which it is running

  .   ____          _            __ _ _
 /\\ / ___'_ __ _ _(_)_ __  __ _ \ \ \ \
( ( )\___ | '_ | '_| | '_ \/ _` | \ \ \ \
 \\/  ___)| |_)| | | | | || (_| |  ) ) ) )
  '  |____| .__|_| |_|_| |_\__, | / / / /
 =========|_|==============|___/=/_/_/_/
 :: Spring Boot ::                (v3.2.0)

2023-12-15T19:16:46.440+05:30  INFO 17348 --- [           main] com.meet.first.FirstApplicationTests     : Starting FirstApplicationTests using Java 18.0.2 with PID 17348 (started by Meet in D:\first\first)
2023-12-15T19:16:46.442+05:30  INFO 17348 --- [           main] com.meet.first.FirstApplicationTests     : No active profile set, falling back to 1 default profile: "default"
2023-12-15T19:16:48.029+05:30  INFO 17348 --- [           main] com.meet.first.FirstApplicationTests     : Started FirstApplicationTests in 1.9 seconds (process running for 3.228)
]]></system-out>
  </testcase>
</testsuite>